<?xml version="1.0" encoding="UTF-8"?>
<!-- Generated by org.testng.reporters.JUnitReportReporter -->
<testsuite skipped="0" hostname="DESKTOP-Q4SGRQV" name="com.sgtesting.users.Users" tests="3" failures="0" timestamp="2021-06-01T23:26:37 IST" time="0.009" errors="0">
  <testcase name="modifyUser" time="0.001" classname="com.sgtesting.users.Users"/>
  <system-out/>
  <testcase name="deleteUser" time="0.001" classname="com.sgtesting.users.Users"/>
  <system-out/>
  <testcase name="createUser" time="0.007" classname="com.sgtesting.users.Users"/>
  <system-out/>
</testsuite> <!-- com.sgtesting.users.Users -->
