<?xml version="1.0" encoding="UTF-8"?>
<!-- Generated by org.testng.reporters.JUnitReportReporter -->
<testsuite skipped="0" hostname="DESKTOP-Q4SGRQV" name="com.sgtesting.products.Products" tests="1" failures="0" timestamp="2021-06-01T23:26:37 IST" time="0.002" errors="0">
  <testcase name="createProduct" time="0.002" classname="com.sgtesting.products.Products"/>
  <system-out/>
</testsuite> <!-- com.sgtesting.products.Products -->
