<?xml version="1.0" encoding="UTF-8"?>
<!-- Generated by org.testng.reporters.JUnitReportReporter -->
<testsuite skipped="0" hostname="DESKTOP-Q4SGRQV" name="com.sgteating.assgnTestNG.Demo1" tests="7" failures="0" timestamp="2021-06-02T13:54:02 IST" time="84.290" errors="0">
  <testcase name="launchBrowser" time="7.181" classname="com.sgteating.assgnTestNG.Demo1"/>
  <system-out/>
  <testcase name="navigate" time="9.749" classname="com.sgteating.assgnTestNG.Demo1"/>
  <system-out/>
  <testcase name="login" time="16.602" classname="com.sgteating.assgnTestNG.Demo1"/>
  <system-out/>
  <testcase name="createUser" time="26.108" classname="com.sgteating.assgnTestNG.Demo1"/>
  <system-out/>
  <testcase name="modifyUser" time="11.389" classname="com.sgteating.assgnTestNG.Demo1"/>
  <system-out/>
  <testcase name="deleteUser" time="12.365" classname="com.sgteating.assgnTestNG.Demo1"/>
  <system-out/>
  <testcase name="closeApplication" time="0.896" classname="com.sgteating.assgnTestNG.Demo1"/>
  <system-out/>
</testsuite> <!-- com.sgteating.assgnTestNG.Demo1 -->
